codes/App_frontEnd/android/app/build/intermediates/manifest_merge_blame_file/debug/manifest-merger-blame-debug-report.txt
1<?xml version="1.0" encoding="utf-8"?>
2<manifest xmlns:android="http://schemas.android.com/apk/res/android"
3    package="com.kgeapp"
4    android:versionCode="1"
5    android:versionName="1.0" >
6
7    <uses-sdk
8        android:minSdkVersion="24"
9        android:targetSdkVersion="29" />
10
11    <uses-permission android:name="android.permission.SYSTEM_ALERT_WINDOW" />
11-->src\debug\AndroidManifest.xml:5:5-77
11-->src\debug\AndroidManifest.xml:5:22-75
12    <uses-permission android:name="android.permission.INTERNET" />
12-->src\main\AndroidManifest.xml:4:5-67
12-->src\main\AndroidManifest.xml:4:22-64
13    <uses-permission android:name="android.permission.WRITE_EXTERNAL_STORAGE" />
13-->src\main\AndroidManifest.xml:5:5-80
13-->src\main\AndroidManifest.xml:5:22-78
14    <uses-permission android:name="android.permission.READ_EXTERNAL_STORAGE" />
14-->src\main\AndroidManifest.xml:6:5-80
14-->src\main\AndroidManifest.xml:6:22-77
15    <uses-permission android:name="android.permission.RECORD_AUDIO" />
15-->src\main\AndroidManifest.xml:7:5-71
15-->src\main\AndroidManifest.xml:7:22-68
16    <uses-permission android:name="android.permission.ACCESS_WIFI_STATE" />
16-->[com.facebook.flipper:flipper:0.54.0] AndroidManifest.xml:16:5-76
16-->[com.facebook.flipper:flipper:0.54.0] AndroidManifest.xml:16:22-73
17
18    <application
18-->src\main\AndroidManifest.xml:8:5-29:19
19        android:name="com.kgeapp.MainApplication"
19-->src\main\AndroidManifest.xml:9:7-38
20        android:allowBackup="false"
20-->src\main\AndroidManifest.xml:13:7-34
21        android:appComponentFactory="androidx.core.app.CoreComponentFactory"
21-->[androidx.core:core:1.1.0] AndroidManifest.xml:24:18-86
22        android:debuggable="true"
23        android:extractNativeLibs="false"
24        android:icon="@mipmap/ic_launcher"
24-->src\main\AndroidManifest.xml:11:7-41
25        android:label="@string/app_name"
25-->src\main\AndroidManifest.xml:10:7-39
26        android:requestLegacyExternalStorage="true"
26-->src\main\AndroidManifest.xml:15:7-50
27        android:roundIcon="@mipmap/ic_launcher_round"
27-->src\main\AndroidManifest.xml:12:7-52
28        android:theme="@style/AppTheme"
28-->src\main\AndroidManifest.xml:14:7-38
29        android:usesCleartextTraffic="true" >
29-->src\debug\AndroidManifest.xml:7:18-53
30        <activity
30-->src\main\AndroidManifest.xml:17:7-27:18
31            android:name="com.kgeapp.MainActivity"
31-->src\main\AndroidManifest.xml:18:9-37
32            android:configChanges="keyboard|keyboardHidden|orientation|screenSize|uiMode"
32-->src\main\AndroidManifest.xml:20:9-86
33            android:label="@string/app_name"
33-->src\main\AndroidManifest.xml:19:9-41
34            android:launchMode="singleTask"
34-->src\main\AndroidManifest.xml:21:9-40
35            android:windowSoftInputMode="adjustResize" >
35-->src\main\AndroidManifest.xml:22:9-51
36            <intent-filter>
36-->src\main\AndroidManifest.xml:23:9-26:25
37                <action android:name="android.intent.action.MAIN" />
37-->src\main\AndroidManifest.xml:24:13-65
37-->src\main\AndroidManifest.xml:24:21-62
38
39                <category android:name="android.intent.category.LAUNCHER" />
39-->src\main\AndroidManifest.xml:25:13-73
39-->src\main\AndroidManifest.xml:25:23-70
40            </intent-filter>
41        </activity>
42        <activity android:name="com.facebook.react.devsupport.DevSettingsActivity" />
42-->src\main\AndroidManifest.xml:28:7-84
42-->src\main\AndroidManifest.xml:28:17-81
43    </application>
44
45</manifest>